INFO [2020-03-07 12:47:54] $x
INFO [2020-03-07 12:47:54] list(genelist_30min, genelist_6h, genelist_24h)
INFO [2020-03-07 12:47:54] 
INFO [2020-03-07 12:47:54] $category.names
INFO [2020-03-07 12:47:54] c("30 min", "6h ", "24h")
INFO [2020-03-07 12:47:54] 
INFO [2020-03-07 12:47:54] $filename
INFO [2020-03-07 12:47:54] [1] "/home/student5/project/results/figures/VennDiagram.png"
INFO [2020-03-07 12:47:54] 
INFO [2020-03-07 12:47:54] $output
INFO [2020-03-07 12:47:54] [1] TRUE
INFO [2020-03-07 12:47:54] 
INFO [2020-03-07 12:47:54] $imagetype
INFO [2020-03-07 12:47:54] [1] "png"
INFO [2020-03-07 12:47:54] 
INFO [2020-03-07 12:47:54] $height
INFO [2020-03-07 12:47:54] [1] 480
INFO [2020-03-07 12:47:54] 
INFO [2020-03-07 12:47:54] $width
INFO [2020-03-07 12:47:54] [1] 480
INFO [2020-03-07 12:47:54] 
INFO [2020-03-07 12:47:54] $resolution
INFO [2020-03-07 12:47:54] [1] 300
INFO [2020-03-07 12:47:54] 
INFO [2020-03-07 12:47:54] $compression
INFO [2020-03-07 12:47:54] [1] "lzw"
INFO [2020-03-07 12:47:54] 
INFO [2020-03-07 12:47:54] $lwd
INFO [2020-03-07 12:47:54] [1] 2
INFO [2020-03-07 12:47:54] 
INFO [2020-03-07 12:47:54] $lty
INFO [2020-03-07 12:47:54] [1] "blank"
INFO [2020-03-07 12:47:54] 
INFO [2020-03-07 12:47:54] $fill
INFO [2020-03-07 12:47:54] myCol
INFO [2020-03-07 12:47:54] 
INFO [2020-03-07 12:47:54] $cex
INFO [2020-03-07 12:47:54] [1] 0.6
INFO [2020-03-07 12:47:54] 
INFO [2020-03-07 12:47:54] $fontface
INFO [2020-03-07 12:47:54] [1] "bold"
INFO [2020-03-07 12:47:54] 
INFO [2020-03-07 12:47:54] $fontfamily
INFO [2020-03-07 12:47:54] [1] "sans"
INFO [2020-03-07 12:47:54] 
INFO [2020-03-07 12:47:54] $cat.cex
INFO [2020-03-07 12:47:54] [1] 0.6
INFO [2020-03-07 12:47:54] 
INFO [2020-03-07 12:47:54] $cat.fontface
INFO [2020-03-07 12:47:54] [1] "bold"
INFO [2020-03-07 12:47:54] 
INFO [2020-03-07 12:47:54] $cat.default.pos
INFO [2020-03-07 12:47:54] [1] "outer"
INFO [2020-03-07 12:47:54] 
INFO [2020-03-07 12:47:54] $cat.pos
INFO [2020-03-07 12:47:54] c(-27, 27, 135)
INFO [2020-03-07 12:47:54] 
INFO [2020-03-07 12:47:54] $cat.dist
INFO [2020-03-07 12:47:54] c(0.055, 0.055, 0.085)
INFO [2020-03-07 12:47:54] 
INFO [2020-03-07 12:47:54] $cat.fontfamily
INFO [2020-03-07 12:47:54] [1] "sans"
INFO [2020-03-07 12:47:54] 
INFO [2020-03-07 12:47:54] $rotation
INFO [2020-03-07 12:47:54] [1] 1
INFO [2020-03-07 12:47:54] 
