INFO [2020-03-05 07:10:41] $x
INFO [2020-03-05 07:10:41] list(common_BaseMeanA_genelist_30min, common_BaseMeanA_genelist_6h, 
INFO [2020-03-05 07:10:41]     common_BaseMeanA_genelist_24h)
INFO [2020-03-05 07:10:41] 
INFO [2020-03-05 07:10:41] $category.names
INFO [2020-03-05 07:10:41] c("30 min", "6h ", "24h")
INFO [2020-03-05 07:10:41] 
INFO [2020-03-05 07:10:41] $filename
INFO [2020-03-05 07:10:41] [1] "/home/student5/project/results/differential_expression_results/VennDiagram_common.png"
INFO [2020-03-05 07:10:41] 
INFO [2020-03-05 07:10:41] $output
INFO [2020-03-05 07:10:41] [1] TRUE
INFO [2020-03-05 07:10:41] 
INFO [2020-03-05 07:10:41] $imagetype
INFO [2020-03-05 07:10:41] [1] "png"
INFO [2020-03-05 07:10:41] 
INFO [2020-03-05 07:10:41] $height
INFO [2020-03-05 07:10:41] [1] 480
INFO [2020-03-05 07:10:41] 
INFO [2020-03-05 07:10:41] $width
INFO [2020-03-05 07:10:41] [1] 480
INFO [2020-03-05 07:10:41] 
INFO [2020-03-05 07:10:41] $resolution
INFO [2020-03-05 07:10:41] [1] 300
INFO [2020-03-05 07:10:41] 
INFO [2020-03-05 07:10:41] $compression
INFO [2020-03-05 07:10:41] [1] "lzw"
INFO [2020-03-05 07:10:41] 
INFO [2020-03-05 07:10:41] $lwd
INFO [2020-03-05 07:10:41] [1] 2
INFO [2020-03-05 07:10:41] 
INFO [2020-03-05 07:10:41] $lty
INFO [2020-03-05 07:10:41] [1] "blank"
INFO [2020-03-05 07:10:41] 
INFO [2020-03-05 07:10:41] $fill
INFO [2020-03-05 07:10:41] myCol
INFO [2020-03-05 07:10:41] 
INFO [2020-03-05 07:10:41] $cex
INFO [2020-03-05 07:10:41] [1] 0.6
INFO [2020-03-05 07:10:41] 
INFO [2020-03-05 07:10:41] $fontface
INFO [2020-03-05 07:10:41] [1] "bold"
INFO [2020-03-05 07:10:41] 
INFO [2020-03-05 07:10:41] $fontfamily
INFO [2020-03-05 07:10:41] [1] "sans"
INFO [2020-03-05 07:10:41] 
INFO [2020-03-05 07:10:41] $cat.cex
INFO [2020-03-05 07:10:41] [1] 0.6
INFO [2020-03-05 07:10:41] 
INFO [2020-03-05 07:10:41] $cat.fontface
INFO [2020-03-05 07:10:41] [1] "bold"
INFO [2020-03-05 07:10:41] 
INFO [2020-03-05 07:10:41] $cat.default.pos
INFO [2020-03-05 07:10:41] [1] "outer"
INFO [2020-03-05 07:10:41] 
INFO [2020-03-05 07:10:41] $cat.pos
INFO [2020-03-05 07:10:41] c(-27, 27, 135)
INFO [2020-03-05 07:10:41] 
INFO [2020-03-05 07:10:41] $cat.dist
INFO [2020-03-05 07:10:41] c(0.055, 0.055, 0.085)
INFO [2020-03-05 07:10:41] 
INFO [2020-03-05 07:10:41] $cat.fontfamily
INFO [2020-03-05 07:10:41] [1] "sans"
INFO [2020-03-05 07:10:41] 
INFO [2020-03-05 07:10:41] $rotation
INFO [2020-03-05 07:10:41] [1] 1
INFO [2020-03-05 07:10:41] 
