INFO [2020-03-03 13:35:00] $x
INFO [2020-03-03 13:35:00] list(common_BaseMeanA_genelist_30min, common_BaseMeanA_genelist_6h, 
INFO [2020-03-03 13:35:00]     common_BaseMeanA_genelist_24h)
INFO [2020-03-03 13:35:00] 
INFO [2020-03-03 13:35:00] $category.names
INFO [2020-03-03 13:35:00] c("30 min", "6h ", "24h")
INFO [2020-03-03 13:35:00] 
INFO [2020-03-03 13:35:00] $filename
INFO [2020-03-03 13:35:00] [1] "~/Johannas_Rcode/results/differential_expression_results/VennDiagram_common.png"
INFO [2020-03-03 13:35:00] 
INFO [2020-03-03 13:35:00] $output
INFO [2020-03-03 13:35:00] [1] TRUE
INFO [2020-03-03 13:35:00] 
INFO [2020-03-03 13:35:00] $imagetype
INFO [2020-03-03 13:35:00] [1] "png"
INFO [2020-03-03 13:35:00] 
INFO [2020-03-03 13:35:00] $height
INFO [2020-03-03 13:35:00] [1] 480
INFO [2020-03-03 13:35:00] 
INFO [2020-03-03 13:35:00] $width
INFO [2020-03-03 13:35:00] [1] 480
INFO [2020-03-03 13:35:00] 
INFO [2020-03-03 13:35:00] $resolution
INFO [2020-03-03 13:35:00] [1] 300
INFO [2020-03-03 13:35:00] 
INFO [2020-03-03 13:35:00] $compression
INFO [2020-03-03 13:35:00] [1] "lzw"
INFO [2020-03-03 13:35:00] 
INFO [2020-03-03 13:35:00] $lwd
INFO [2020-03-03 13:35:00] [1] 2
INFO [2020-03-03 13:35:00] 
INFO [2020-03-03 13:35:00] $lty
INFO [2020-03-03 13:35:00] [1] "blank"
INFO [2020-03-03 13:35:00] 
INFO [2020-03-03 13:35:00] $fill
INFO [2020-03-03 13:35:00] myCol
INFO [2020-03-03 13:35:00] 
INFO [2020-03-03 13:35:00] $cex
INFO [2020-03-03 13:35:00] [1] 0.6
INFO [2020-03-03 13:35:00] 
INFO [2020-03-03 13:35:00] $fontface
INFO [2020-03-03 13:35:00] [1] "bold"
INFO [2020-03-03 13:35:00] 
INFO [2020-03-03 13:35:00] $fontfamily
INFO [2020-03-03 13:35:00] [1] "sans"
INFO [2020-03-03 13:35:00] 
INFO [2020-03-03 13:35:00] $cat.cex
INFO [2020-03-03 13:35:00] [1] 0.6
INFO [2020-03-03 13:35:00] 
INFO [2020-03-03 13:35:00] $cat.fontface
INFO [2020-03-03 13:35:00] [1] "bold"
INFO [2020-03-03 13:35:00] 
INFO [2020-03-03 13:35:00] $cat.default.pos
INFO [2020-03-03 13:35:00] [1] "outer"
INFO [2020-03-03 13:35:00] 
INFO [2020-03-03 13:35:00] $cat.pos
INFO [2020-03-03 13:35:00] c(-27, 27, 135)
INFO [2020-03-03 13:35:00] 
INFO [2020-03-03 13:35:00] $cat.dist
INFO [2020-03-03 13:35:00] c(0.055, 0.055, 0.085)
INFO [2020-03-03 13:35:00] 
INFO [2020-03-03 13:35:00] $cat.fontfamily
INFO [2020-03-03 13:35:00] [1] "sans"
INFO [2020-03-03 13:35:00] 
INFO [2020-03-03 13:35:00] $rotation
INFO [2020-03-03 13:35:00] [1] 1
INFO [2020-03-03 13:35:00] 
