INFO [2020-03-03 10:25:36] $x
INFO [2020-03-03 10:25:36] list(genelist_30min, genelist_6h, genelist_24h)
INFO [2020-03-03 10:25:36] 
INFO [2020-03-03 10:25:36] $category.names
INFO [2020-03-03 10:25:36] c("30 min", "6h ", "24h")
INFO [2020-03-03 10:25:36] 
INFO [2020-03-03 10:25:36] $filename
INFO [2020-03-03 10:25:36] [1] "VennDiagram.png"
INFO [2020-03-03 10:25:36] 
INFO [2020-03-03 10:25:36] $output
INFO [2020-03-03 10:25:36] [1] TRUE
INFO [2020-03-03 10:25:36] 
INFO [2020-03-03 10:25:36] $imagetype
INFO [2020-03-03 10:25:36] [1] "png"
INFO [2020-03-03 10:25:36] 
INFO [2020-03-03 10:25:36] $height
INFO [2020-03-03 10:25:36] [1] 480
INFO [2020-03-03 10:25:36] 
INFO [2020-03-03 10:25:36] $width
INFO [2020-03-03 10:25:36] [1] 480
INFO [2020-03-03 10:25:36] 
INFO [2020-03-03 10:25:36] $resolution
INFO [2020-03-03 10:25:36] [1] 300
INFO [2020-03-03 10:25:36] 
INFO [2020-03-03 10:25:36] $compression
INFO [2020-03-03 10:25:36] [1] "lzw"
INFO [2020-03-03 10:25:36] 
INFO [2020-03-03 10:25:36] $lwd
INFO [2020-03-03 10:25:36] [1] 2
INFO [2020-03-03 10:25:36] 
INFO [2020-03-03 10:25:36] $lty
INFO [2020-03-03 10:25:36] [1] "blank"
INFO [2020-03-03 10:25:36] 
INFO [2020-03-03 10:25:36] $fill
INFO [2020-03-03 10:25:36] myCol
INFO [2020-03-03 10:25:36] 
INFO [2020-03-03 10:25:36] $cex
INFO [2020-03-03 10:25:36] [1] 0.6
INFO [2020-03-03 10:25:36] 
INFO [2020-03-03 10:25:36] $fontface
INFO [2020-03-03 10:25:36] [1] "bold"
INFO [2020-03-03 10:25:36] 
INFO [2020-03-03 10:25:36] $fontfamily
INFO [2020-03-03 10:25:36] [1] "sans"
INFO [2020-03-03 10:25:36] 
INFO [2020-03-03 10:25:36] $cat.cex
INFO [2020-03-03 10:25:36] [1] 0.6
INFO [2020-03-03 10:25:36] 
INFO [2020-03-03 10:25:36] $cat.fontface
INFO [2020-03-03 10:25:36] [1] "bold"
INFO [2020-03-03 10:25:36] 
INFO [2020-03-03 10:25:36] $cat.default.pos
INFO [2020-03-03 10:25:36] [1] "outer"
INFO [2020-03-03 10:25:36] 
INFO [2020-03-03 10:25:36] $cat.pos
INFO [2020-03-03 10:25:36] c(-27, 27, 135)
INFO [2020-03-03 10:25:36] 
INFO [2020-03-03 10:25:36] $cat.dist
INFO [2020-03-03 10:25:36] c(0.055, 0.055, 0.085)
INFO [2020-03-03 10:25:36] 
INFO [2020-03-03 10:25:36] $cat.fontfamily
INFO [2020-03-03 10:25:36] [1] "sans"
INFO [2020-03-03 10:25:36] 
INFO [2020-03-03 10:25:36] $rotation
INFO [2020-03-03 10:25:36] [1] 1
INFO [2020-03-03 10:25:36] 
